0 info it worked if it ends with ok
1 verbose cli [ '/home/freddy/.nvm/versions/io.js/v3.0.0/bin/iojs',
1 verbose cli   '/home/freddy/.nvm/versions/io.js/v3.0.0/bin/npm',
1 verbose cli   'install',
1 verbose cli   '--save-dev',
1 verbose cli   'ios-sim' ]
2 info using npm@2.13.3
3 info using node@v3.0.0
4 verbose install initial load of /home/freddy/Proyectos/free-water/package.json
5 warn package.json free-water@0.1.0 No repository field.
6 verbose installManyTop reading scoped package data from /home/freddy/Proyectos/free-water/node_modules/cordova/package.json
7 verbose installManyTop reading scoped package data from /home/freddy/Proyectos/free-water/node_modules/json-server/package.json
8 info package.json cordova@5.3.3 license should be a valid SPDX license expression
9 verbose readDependencies loading dependencies from /home/freddy/Proyectos/free-water/package.json
10 silly cache add args [ 'ios-sim', null ]
11 verbose cache add spec ios-sim
12 silly cache add parsed spec { raw: 'ios-sim',
12 silly cache add   scope: null,
12 silly cache add   name: 'ios-sim',
12 silly cache add   rawSpec: '',
12 silly cache add   spec: '*',
12 silly cache add   type: 'range' }
13 silly addNamed ios-sim@*
14 verbose addNamed "*" is a valid semver range for ios-sim
15 silly addNameRange { name: 'ios-sim', range: '*', hasData: false }
16 silly mapToRegistry name ios-sim
17 silly mapToRegistry using default registry
18 silly mapToRegistry registry https://registry.npmjs.org/
19 silly mapToRegistry uri https://registry.npmjs.org/ios-sim
20 verbose addNameRange registry:https://registry.npmjs.org/ios-sim not in flight; fetching
21 verbose request uri https://registry.npmjs.org/ios-sim
22 verbose request no auth needed
23 info attempt registry request try #1 at 16:40:16
24 verbose request using bearer token for auth
25 verbose request id 80ecc73d0d0398b2
26 http request GET https://registry.npmjs.org/ios-sim
27 http 200 https://registry.npmjs.org/ios-sim
28 silly get cb [ 200,
28 silly get   { server: 'CouchDB/1.5.0 (Erlang OTP/R16B03)',
28 silly get     etag: '"48ZVSE19SDHMGAMBN27SNFTK8"',
28 silly get     'content-type': 'application/json',
28 silly get     'cache-control': 'max-age=60',
28 silly get     'content-length': '21450',
28 silly get     'accept-ranges': 'bytes',
28 silly get     date: 'Tue, 13 Oct 2015 21:10:17 GMT',
28 silly get     via: '1.1 varnish',
28 silly get     connection: 'keep-alive',
28 silly get     'x-served-by': 'cache-iad2148-IAD',
28 silly get     'x-cache': 'MISS',
28 silly get     'x-cache-hits': '0',
28 silly get     'x-timer': 'S1444770616.922103,VS0,VE179',
28 silly get     vary: 'Accept' } ]
29 verbose get saving ios-sim to /home/freddy/.npm/registry.npmjs.org/ios-sim/.cache.json
30 silly addNameRange number 2 { name: 'ios-sim', range: '*', hasData: true }
31 silly addNameRange versions [ 'ios-sim',
31 silly addNameRange   [ '1.8.0',
31 silly addNameRange     '1.8.1',
31 silly addNameRange     '1.8.2',
31 silly addNameRange     '1.9.0',
31 silly addNameRange     '2.0.0',
31 silly addNameRange     '2.0.1',
31 silly addNameRange     '3.0.0',
31 silly addNameRange     '3.1.0',
31 silly addNameRange     '3.1.1',
31 silly addNameRange     '4.1.0',
31 silly addNameRange     '4.1.1',
31 silly addNameRange     '3.2.0',
31 silly addNameRange     '5.0.0',
31 silly addNameRange     '5.0.1',
31 silly addNameRange     '5.0.2' ] ]
32 silly addNamed ios-sim@5.0.2
33 verbose addNamed "5.0.2" is a plain semver version for ios-sim
34 silly mapToRegistry name ios-sim
35 silly mapToRegistry using default registry
36 silly mapToRegistry registry https://registry.npmjs.org/
37 silly mapToRegistry uri https://registry.npmjs.org/ios-sim
38 verbose addRemoteTarball https://registry.npmjs.org/ios-sim/-/ios-sim-5.0.2.tgz not in flight; adding
39 verbose addRemoteTarball [ 'https://registry.npmjs.org/ios-sim/-/ios-sim-5.0.2.tgz',
39 verbose addRemoteTarball   'fec033eda26e9d9561e5c5c3b94f2c1b27f1480b' ]
40 info retry fetch attempt 1 at 16:40:17
41 info attempt registry request try #1 at 16:40:17
42 http fetch GET https://registry.npmjs.org/ios-sim/-/ios-sim-5.0.2.tgz
43 verbose request using bearer token for auth
44 http fetch 200 https://registry.npmjs.org/ios-sim/-/ios-sim-5.0.2.tgz
45 silly fetchAndShaCheck shasum fec033eda26e9d9561e5c5c3b94f2c1b27f1480b
46 verbose addTmpTarball /tmp/npm-6694-a0eafddf/registry.npmjs.org/ios-sim/-/ios-sim-5.0.2.tgz not in flight; adding
47 verbose addTmpTarball already have metadata; skipping unpack for ios-sim@5.0.2
48 silly cache afterAdd ios-sim@5.0.2
49 verbose afterAdd /home/freddy/.npm/ios-sim/5.0.2/package/package.json not in flight; writing
50 verbose afterAdd /home/freddy/.npm/ios-sim/5.0.2/package/package.json written
51 silly install resolved [ { name: 'ios-sim',
51 silly install resolved     version: '5.0.2',
51 silly install resolved     os: [ 'darwin' ],
51 silly install resolved     preferGlobal: 'true',
51 silly install resolved     description: 'launch iOS apps into the iOS Simulator from the command line (Xcode 6.0+)',
51 silly install resolved     main: 'ios-sim.js',
51 silly install resolved     repository:
51 silly install resolved      { type: 'git',
51 silly install resolved        url: 'git+https://github.com/phonegap/ios-sim.git' },
51 silly install resolved     engines: { node: '>=0.10.0' },
51 silly install resolved     keywords: [ 'ios-sim', 'iOS Simulator' ],
51 silly install resolved     bin: { 'ios-sim': './bin/ios-sim' },
51 silly install resolved     bugs: { url: 'https://github.com/phonegap/ios-sim/issues' },
51 silly install resolved     author: { name: 'Shazron Abdullah' },
51 silly install resolved     license: 'MIT',
51 silly install resolved     dependencies: { simctl: '^0.0.6', nopt: '1.0.9', 'bplist-parser': '^0.0.6' },
51 silly install resolved     gitHead: 'bbfd40a0ab320fe3073fa0820c5461d561f50432',
51 silly install resolved     homepage: 'https://github.com/phonegap/ios-sim#readme',
51 silly install resolved     _id: 'ios-sim@5.0.2',
51 silly install resolved     scripts: {},
51 silly install resolved     _shasum: 'fec033eda26e9d9561e5c5c3b94f2c1b27f1480b',
51 silly install resolved     _from: 'ios-sim@*',
51 silly install resolved     _npmVersion: '2.11.3',
51 silly install resolved     _nodeVersion: '0.12.7',
51 silly install resolved     _npmUser: { name: 'shazron', email: 'shazron@gmail.com' },
51 silly install resolved     dist:
51 silly install resolved      { shasum: 'fec033eda26e9d9561e5c5c3b94f2c1b27f1480b',
51 silly install resolved        tarball: 'http://registry.npmjs.org/ios-sim/-/ios-sim-5.0.2.tgz' },
51 silly install resolved     maintainers: [ [Object], [Object], [Object], [Object] ],
51 silly install resolved     directories: {},
51 silly install resolved     _resolved: 'https://registry.npmjs.org/ios-sim/-/ios-sim-5.0.2.tgz' } ]
52 info install ios-sim@5.0.2 into /home/freddy/Proyectos/free-water
53 info installOne ios-sim@5.0.2
54 verbose installOne of ios-sim to /home/freddy/Proyectos/free-water not in flight; installing
55 verbose lock using /home/freddy/.npm/_locks/ios-sim-00435486a7825f2a.lock for /home/freddy/Proyectos/free-water/node_modules/ios-sim
56 verbose unlock done using /home/freddy/.npm/_locks/ios-sim-00435486a7825f2a.lock for /home/freddy/Proyectos/free-water/node_modules/ios-sim
57 verbose stack Error: Unsupported
57 verbose stack     at checkPlatform (/home/freddy/.nvm/versions/io.js/v3.0.0/lib/node_modules/npm/node_modules/npm-install-checks/index.js:47:14)
57 verbose stack     at Array.<anonymous> (/home/freddy/.nvm/versions/io.js/v3.0.0/lib/node_modules/npm/node_modules/slide/lib/bind-actor.js:15:8)
57 verbose stack     at LOOP (/home/freddy/.nvm/versions/io.js/v3.0.0/lib/node_modules/npm/node_modules/slide/lib/chain.js:15:14)
57 verbose stack     at /home/freddy/.nvm/versions/io.js/v3.0.0/lib/node_modules/npm/node_modules/slide/lib/chain.js:18:7
57 verbose stack     at checkEngine (/home/freddy/.nvm/versions/io.js/v3.0.0/lib/node_modules/npm/node_modules/npm-install-checks/index.js:26:10)
57 verbose stack     at Array.<anonymous> (/home/freddy/.nvm/versions/io.js/v3.0.0/lib/node_modules/npm/node_modules/slide/lib/bind-actor.js:15:8)
57 verbose stack     at LOOP (/home/freddy/.nvm/versions/io.js/v3.0.0/lib/node_modules/npm/node_modules/slide/lib/chain.js:15:14)
57 verbose stack     at chain (/home/freddy/.nvm/versions/io.js/v3.0.0/lib/node_modules/npm/node_modules/slide/lib/chain.js:20:5)
57 verbose stack     at /home/freddy/.nvm/versions/io.js/v3.0.0/lib/node_modules/npm/lib/install.js:1038:5
57 verbose stack     at /home/freddy/.nvm/versions/io.js/v3.0.0/lib/node_modules/npm/lib/utils/locker.js:39:7
58 verbose pkgid ios-sim@5.0.2
59 verbose cwd /home/freddy/Proyectos/free-water
60 error Linux 3.16.0-50-generic
61 error argv "/home/freddy/.nvm/versions/io.js/v3.0.0/bin/iojs" "/home/freddy/.nvm/versions/io.js/v3.0.0/bin/npm" "install" "--save-dev" "ios-sim"
62 error node v3.0.0
63 error npm  v2.13.3
64 error code EBADPLATFORM
65 error notsup Unsupported
65 error notsup Not compatible with your operating system or architecture: ios-sim@5.0.2
65 error notsup Valid OS:    darwin
65 error notsup Valid Arch:  any
65 error notsup Actual OS:   linux
65 error notsup Actual Arch: x64
66 verbose exit [ 1, true ]
